{"total": {"lines":{"total":515,"covered":230,"skipped":0,"pct":44.66},"statements":{"total":522,"covered":232,"skipped":0,"pct":44.44},"functions":{"total":67,"covered":27,"skipped":0,"pct":40.29},"branches":{"total":239,"covered":79,"skipped":0,"pct":33.05},"branchesTrue":{"total":0,"covered":0,"skipped":0,"pct":100}}
,"C:\\Users\\dbota\\Documents\\color correction files 7-21\\photo-collector\\hipaa-compliant-version\\server\\app.js": {"lines":{"total":87,"covered":66,"skipped":0,"pct":75.86},"functions":{"total":13,"covered":6,"skipped":0,"pct":46.15},"statements":{"total":89,"covered":66,"skipped":0,"pct":74.15},"branches":{"total":32,"covered":18,"skipped":0,"pct":56.25}}
,"C:\\Users\\dbota\\Documents\\color correction files 7-21\\photo-collector\\hipaa-compliant-version\\server\\middleware\\errorHandler.js": {"lines":{"total":24,"covered":3,"skipped":0,"pct":12.5},"functions":{"total":1,"covered":0,"skipped":0,"pct":0},"statements":{"total":24,"covered":3,"skipped":0,"pct":12.5},"branches":{"total":21,"covered":0,"skipped":0,"pct":0}}
,"C:\\Users\\dbota\\Documents\\color correction files 7-21\\photo-collector\\hipaa-compliant-version\\server\\middleware\\security.js": {"lines":{"total":70,"covered":33,"skipped":0,"pct":47.14},"functions":{"total":8,"covered":2,"skipped":0,"pct":25},"statements":{"total":70,"covered":33,"skipped":0,"pct":47.14},"branches":{"total":45,"covered":18,"skipped":0,"pct":40}}
,"C:\\Users\\dbota\\Documents\\color correction files 7-21\\photo-collector\\hipaa-compliant-version\\server\\middleware\\validation.js": {"lines":{"total":9,"covered":9,"skipped":0,"pct":100},"functions":{"total":3,"covered":3,"skipped":0,"pct":100},"statements":{"total":10,"covered":10,"skipped":0,"pct":100},"branches":{"total":2,"covered":2,"skipped":0,"pct":100}}
,"C:\\Users\\dbota\\Documents\\color correction files 7-21\\photo-collector\\hipaa-compliant-version\\server\\routes\\audit.js": {"lines":{"total":27,"covered":7,"skipped":0,"pct":25.92},"functions":{"total":2,"covered":0,"skipped":0,"pct":0},"statements":{"total":27,"covered":7,"skipped":0,"pct":25.92},"branches":{"total":11,"covered":0,"skipped":0,"pct":0}}
,"C:\\Users\\dbota\\Documents\\color correction files 7-21\\photo-collector\\hipaa-compliant-version\\server\\routes\\auth.js": {"lines":{"total":85,"covered":37,"skipped":0,"pct":43.52},"functions":{"total":9,"covered":3,"skipped":0,"pct":33.33},"statements":{"total":85,"covered":37,"skipped":0,"pct":43.52},"branches":{"total":34,"covered":11,"skipped":0,"pct":32.35}}
,"C:\\Users\\dbota\\Documents\\color correction files 7-21\\photo-collector\\hipaa-compliant-version\\server\\routes\\upload.js": {"lines":{"total":87,"covered":17,"skipped":0,"pct":19.54},"functions":{"total":4,"covered":0,"skipped":0,"pct":0},"statements":{"total":87,"covered":17,"skipped":0,"pct":19.54},"branches":{"total":28,"covered":2,"skipped":0,"pct":7.14}}
,"C:\\Users\\dbota\\Documents\\color correction files 7-21\\photo-collector\\hipaa-compliant-version\\server\\utils\\auditLogger.js": {"lines":{"total":50,"covered":25,"skipped":0,"pct":50},"functions":{"total":14,"covered":5,"skipped":0,"pct":35.71},"statements":{"total":54,"covered":26,"skipped":0,"pct":48.14},"branches":{"total":39,"covered":20,"skipped":0,"pct":51.28}}
,"C:\\Users\\dbota\\Documents\\color correction files 7-21\\photo-collector\\hipaa-compliant-version\\server\\utils\\encryption.js": {"lines":{"total":76,"covered":33,"skipped":0,"pct":43.42},"functions":{"total":13,"covered":8,"skipped":0,"pct":61.53},"statements":{"total":76,"covered":33,"skipped":0,"pct":43.42},"branches":{"total":27,"covered":8,"skipped":0,"pct":29.62}}
}
