TN:
SF:app.js
FN:86,(anonymous_0)
FN:129,(anonymous_1)
FN:130,(anonymous_2)
FN:161,(anonymous_3)
FN:177,(anonymous_4)
FN:201,(anonymous_5)
FN:221,(anonymous_6)
FN:231,(anonymous_7)
FN:248,(anonymous_8)
FN:262,(anonymous_9)
FN:277,(anonymous_10)
FN:282,(anonymous_11)
FN:289,(anonymous_12)
FNF:13
FNH:6
FNDA:441,(anonymous_0)
FNDA:0,(anonymous_1)
FNDA:0,(anonymous_2)
FNDA:3,(anonymous_3)
FNDA:157,(anonymous_4)
FNDA:112,(anonymous_5)
FNDA:0,(anonymous_6)
FNDA:166,(anonymous_7)
FNDA:94,(anonymous_8)
FNDA:0,(anonymous_9)
FNDA:0,(anonymous_10)
FNDA:0,(anonymous_11)
FNDA:0,(anonymous_12)
DA:6,3
DA:7,3
DA:8,3
DA:9,3
DA:10,3
DA:11,3
DA:12,3
DA:13,3
DA:15,3
DA:16,3
DA:17,3
DA:18,3
DA:19,3
DA:21,3
DA:22,3
DA:25,3
DA:43,3
DA:51,3
DA:54,3
DA:62,3
DA:69,3
DA:72,3
DA:73,3
DA:74,3
DA:77,3
DA:79,3
DA:87,441
DA:88,441
DA:127,3
DA:130,0
DA:131,0
DA:132,0
DA:133,0
DA:134,0
DA:135,0
DA:137,0
DA:143,0
DA:145,0
DA:146,0
DA:148,0
DA:155,0
DA:162,3
DA:164,3
DA:165,3
DA:178,157
DA:180,157
DA:181,157
DA:183,157
DA:197,157
DA:200,157
DA:201,157
DA:202,112
DA:203,112
DA:205,112
DA:213,112
DA:216,157
DA:221,3
DA:222,3
DA:225,3
DA:232,166
DA:237,3
DA:238,3
DA:241,3
DA:242,3
DA:243,3
DA:244,3
DA:248,3
DA:249,94
DA:257,3
DA:258,3
DA:259,3
DA:262,3
DA:263,0
DA:270,3
DA:274,3
DA:277,3
DA:278,0
DA:279,0
DA:282,3
DA:283,0
DA:284,0
DA:288,3
DA:289,0
DA:290,0
DA:291,0
DA:292,0
DA:296,3
LF:87
LH:66
BRDA:22,0,0,3
BRDA:22,0,1,3
BRDA:63,1,0,0
BRDA:63,1,1,3
BRDA:77,2,0,3
BRDA:77,2,1,0
BRDA:80,3,0,3
BRDA:80,3,1,0
BRDA:87,4,0,441
BRDA:87,4,1,0
BRDA:94,5,0,3
BRDA:94,5,1,0
BRDA:117,6,0,3
BRDA:117,6,1,0
BRDA:162,7,0,0
BRDA:162,7,1,3
BRDA:178,8,0,0
BRDA:178,8,1,157
BRDA:190,9,0,5
BRDA:190,9,1,152
BRDA:192,10,0,55
BRDA:192,10,1,102
BRDA:221,11,0,3
BRDA:221,11,1,0
BRDA:241,12,0,3
BRDA:241,12,1,0
BRDA:252,13,0,94
BRDA:252,13,1,0
BRDA:288,14,0,0
BRDA:288,14,1,3
BRDA:291,15,0,0
BRDA:291,15,1,0
BRF:32
BRH:18
end_of_record
TN:
SF:middleware\errorHandler.js
FN:8,(anonymous_0)
FNF:1
FNH:0
FNDA:0,(anonymous_0)
DA:6,3
DA:8,3
DA:9,0
DA:17,0
DA:28,0
DA:31,0
DA:38,0
DA:39,0
DA:40,0
DA:41,0
DA:42,0
DA:43,0
DA:44,0
DA:45,0
DA:46,0
DA:47,0
DA:48,0
DA:49,0
DA:53,0
DA:54,0
DA:55,0
DA:56,0
DA:60,0
DA:63,3
LF:24
LH:3
BRDA:28,0,0,0
BRDA:28,0,1,0
BRDA:28,0,2,0
BRDA:38,1,0,0
BRDA:38,1,1,0
BRDA:40,2,0,0
BRDA:40,2,1,0
BRDA:42,3,0,0
BRDA:42,3,1,0
BRDA:44,4,0,0
BRDA:44,4,1,0
BRDA:46,5,0,0
BRDA:46,5,1,0
BRDA:48,6,0,0
BRDA:48,6,1,0
BRDA:53,7,0,0
BRDA:53,7,1,0
BRDA:53,8,0,0
BRDA:53,8,1,0
BRDA:55,9,0,0
BRDA:55,9,1,0
BRF:21
BRH:0
end_of_record
TN:
SF:middleware\security.js
FN:12,(anonymous_0)
FN:41,(anonymous_1)
FN:132,(anonymous_2)
FN:155,(anonymous_3)
FN:156,(anonymous_4)
FN:186,(anonymous_5)
FN:203,(anonymous_6)
FN:226,sanitizeObject
FNF:8
FNH:2
FNDA:166,(anonymous_0)
FNDA:166,(anonymous_1)
FNDA:0,(anonymous_2)
FNDA:0,(anonymous_3)
FNDA:0,(anonymous_4)
FNDA:0,(anonymous_5)
FNDA:0,(anonymous_6)
FNDA:0,sanitizeObject
DA:6,3
DA:7,3
DA:12,3
DA:14,166
DA:25,166
DA:26,7
DA:31,166
DA:32,72
DA:35,166
DA:41,3
DA:43,166
DA:44,64
DA:46,64
DA:47,3
DA:53,3
DA:60,61
DA:61,3
DA:68,3
DA:76,160
DA:77,160
DA:79,160
DA:80,0
DA:88,0
DA:95,160
DA:103,160
DA:109,160
DA:110,790
DA:111,3
DA:119,3
DA:126,157
DA:132,3
DA:134,0
DA:135,0
DA:136,0
DA:137,0
DA:138,0
DA:141,0
DA:142,0
DA:145,0
DA:146,0
DA:147,0
DA:149,0
DA:155,3
DA:156,0
DA:157,0
DA:158,0
DA:160,0
DA:161,0
DA:167,0
DA:173,0
DA:180,3
DA:187,0
DA:193,0
DA:203,3
DA:205,0
DA:206,0
DA:207,0
DA:208,0
DA:210,0
DA:216,0
DA:217,0
DA:220,0
DA:227,0
DA:228,0
DA:229,0
DA:230,0
DA:232,0
DA:233,0
DA:234,0
DA:240,3
LF:70
LH:33
BRDA:17,0,0,166
BRDA:17,0,1,0
BRDA:21,1,0,166
BRDA:21,1,1,166
BRDA:25,2,0,7
BRDA:25,2,1,159
BRDA:31,3,0,72
BRDA:31,3,1,94
BRDA:43,4,0,64
BRDA:43,4,1,102
BRDA:46,5,0,3
BRDA:46,5,1,61
BRDA:60,6,0,3
BRDA:60,6,1,58
BRDA:76,7,0,160
BRDA:76,7,1,102
BRDA:79,8,0,0
BRDA:79,8,1,160
BRDA:110,9,0,3
BRDA:110,9,1,787
BRDA:155,10,0,0
BRDA:157,11,0,0
BRDA:157,11,1,0
BRDA:157,12,0,0
BRDA:157,12,1,0
BRDA:158,13,0,0
BRDA:158,13,1,0
BRDA:160,14,0,0
BRDA:160,14,1,0
BRDA:205,15,0,0
BRDA:205,15,1,0
BRDA:207,16,0,0
BRDA:207,16,1,0
BRDA:216,17,0,0
BRDA:216,17,1,0
BRDA:216,18,0,0
BRDA:216,18,1,0
BRDA:228,19,0,0
BRDA:228,19,1,0
BRDA:229,20,0,0
BRDA:229,20,1,0
BRDA:233,21,0,0
BRDA:233,21,1,0
BRDA:233,22,0,0
BRDA:233,22,1,0
BRF:45
BRH:18
end_of_record
TN:
SF:middleware\validation.js
FN:6,(anonymous_0)
FN:7,(anonymous_1)
FN:14,(anonymous_2)
FNF:3
FNH:3
FNDA:6,(anonymous_0)
FNDA:12,(anonymous_1)
FNDA:5,(anonymous_2)
DA:6,3
DA:7,6
DA:8,12
DA:13,12
DA:14,5
DA:19,5
DA:27,7
DA:28,7
DA:32,3
LF:9
LH:9
BRDA:13,0,0,5
BRDA:13,0,1,7
BRF:2
BRH:2
end_of_record
TN:
SF:routes\audit.js
FN:16,(anonymous_0)
FN:71,(anonymous_1)
FNF:2
FNH:0
FNDA:0,(anonymous_0)
FNDA:0,(anonymous_1)
DA:6,3
DA:7,3
DA:8,3
DA:10,3
DA:16,3
DA:17,0
DA:19,0
DA:20,0
DA:26,0
DA:32,0
DA:41,0
DA:43,0
DA:49,0
DA:55,0
DA:60,0
DA:71,3
DA:72,0
DA:74,0
DA:75,0
DA:81,0
DA:83,0
DA:84,0
DA:90,0
DA:95,0
DA:101,0
DA:106,0
DA:113,3
LF:27
LH:7
BRDA:19,0,0,0
BRDA:19,0,1,0
BRDA:36,1,0,0
BRDA:36,1,1,0
BRDA:74,2,0,0
BRDA:74,2,1,0
BRDA:83,3,0,0
BRDA:83,3,1,0
BRDA:83,4,0,0
BRDA:83,4,1,0
BRDA:83,4,2,0
BRF:11
BRH:0
end_of_record
TN:
SF:routes\auth.js
FN:45,(anonymous_0)
FN:52,(anonymous_1)
FN:53,(anonymous_2)
FN:179,(anonymous_3)
FN:218,(anonymous_4)
FN:267,authenticateToken
FN:278,(anonymous_6)
FN:299,cleanupExpiredSessions
FN:309,(anonymous_8)
FNF:9
FNH:3
FNDA:7,(anonymous_0)
FNDA:0,(anonymous_1)
FNDA:0,(anonymous_2)
FNDA:0,(anonymous_3)
FNDA:0,(anonymous_4)
FNDA:6,authenticateToken
FNDA:4,(anonymous_6)
FNDA:0,cleanupExpiredSessions
FNDA:0,(anonymous_8)
DA:6,3
DA:7,3
DA:8,3
DA:9,3
DA:10,3
DA:11,3
DA:12,3
DA:14,3
DA:17,3
DA:33,3
DA:36,3
DA:45,3
DA:46,7
DA:47,7
DA:49,7
DA:51,7
DA:52,0
DA:53,0
DA:55,7
DA:56,0
DA:62,0
DA:69,7
DA:70,7
DA:71,0
DA:76,0
DA:83,7
DA:84,0
DA:89,0
DA:96,7
DA:97,7
DA:98,7
DA:103,7
DA:110,0
DA:111,0
DA:120,0
DA:127,0
DA:128,0
DA:140,0
DA:143,0
DA:152,0
DA:162,0
DA:168,0
DA:179,3
DA:180,0
DA:182,0
DA:184,0
DA:185,0
DA:188,0
DA:195,0
DA:201,0
DA:207,0
DA:218,3
DA:219,0
DA:221,0
DA:223,0
DA:224,0
DA:225,0
DA:232,0
DA:233,0
DA:234,0
DA:240,0
DA:251,0
DA:257,0
DA:268,6
DA:269,6
DA:271,6
DA:272,2
DA:278,4
DA:279,4
DA:280,4
DA:285,4
DA:291,0
DA:292,0
DA:300,0
DA:301,0
DA:303,0
DA:304,0
DA:305,0
DA:309,0
DA:310,0
DA:313,0
DA:314,0
DA:321,3
DA:324,3
DA:326,3
LF:85
LH:37
BRDA:47,0,0,7
BRDA:47,0,1,0
BRDA:52,1,0,0
BRDA:52,1,1,0
BRDA:55,2,0,0
BRDA:55,2,1,7
BRDA:70,3,0,0
BRDA:70,3,1,7
BRDA:83,4,0,0
BRDA:83,4,1,7
BRDA:97,5,0,7
BRDA:97,5,1,0
BRDA:120,6,0,0
BRDA:120,6,1,0
BRDA:121,7,0,0
BRDA:121,7,1,0
BRDA:184,8,0,0
BRDA:184,8,1,0
BRDA:224,9,0,0
BRDA:224,9,1,0
BRDA:232,10,0,0
BRDA:232,10,1,0
BRDA:269,11,0,6
BRDA:269,11,1,4
BRDA:271,12,0,2
BRDA:271,12,1,4
BRDA:278,13,0,4
BRDA:278,13,1,0
BRDA:279,14,0,4
BRDA:279,14,1,0
BRDA:304,15,0,0
BRDA:304,15,1,0
BRDA:313,16,0,0
BRDA:313,16,1,0
BRF:34
BRH:11
end_of_record
TN:
SF:routes\upload.js
FN:52,(anonymous_0)
FN:207,(anonymous_1)
FN:291,(anonymous_2)
FN:389,generateDataKey
FNF:4
FNH:0
FNDA:0,(anonymous_0)
FNDA:0,(anonymous_1)
FNDA:0,(anonymous_2)
FNDA:0,generateDataKey
DA:6,3
DA:7,3
DA:8,3
DA:9,3
DA:10,3
DA:11,3
DA:12,3
DA:13,3
DA:14,3
DA:16,3
DA:19,3
DA:30,3
DA:37,3
DA:52,3
DA:62,0
DA:64,0
DA:65,0
DA:67,0
DA:69,0
DA:70,0
DA:78,0
DA:85,0
DA:86,0
DA:93,0
DA:100,0
DA:101,0
DA:104,0
DA:118,0
DA:121,0
DA:133,0
DA:136,0
DA:137,0
DA:149,0
DA:160,0
DA:174,0
DA:183,0
DA:193,0
DA:196,0
DA:207,3
DA:208,0
DA:209,0
DA:210,0
DA:212,0
DA:214,0
DA:215,0
DA:222,0
DA:229,0
DA:230,0
DA:233,0
DA:234,0
DA:235,0
DA:240,0
DA:243,0
DA:244,0
DA:253,0
DA:257,0
DA:265,0
DA:273,0
DA:280,0
DA:291,3
DA:292,0
DA:293,0
DA:295,0
DA:297,0
DA:298,0
DA:305,0
DA:312,0
DA:315,0
DA:316,0
DA:320,0
DA:322,0
DA:329,0
DA:330,0
DA:338,0
DA:345,0
DA:351,0
DA:356,0
DA:365,0
DA:371,0
DA:379,0
DA:390,0
DA:395,0
DA:396,0
DA:397,0
DA:403,0
DA:404,0
DA:408,3
LF:87
LH:17
BRDA:22,0,0,3
BRDA:22,0,1,0
BRDA:33,1,0,3
BRDA:33,1,1,0
BRDA:69,2,0,0
BRDA:69,2,1,0
BRDA:85,3,0,0
BRDA:85,3,1,0
BRDA:209,4,0,0
BRDA:209,4,1,0
BRDA:210,5,0,0
BRDA:210,5,1,0
BRDA:214,6,0,0
BRDA:214,6,1,0
BRDA:226,7,0,0
BRDA:226,7,1,0
BRDA:233,8,0,0
BRDA:233,8,1,0
BRDA:243,9,0,0
BRDA:243,9,1,0
BRDA:269,10,0,0
BRDA:269,10,1,0
BRDA:297,11,0,0
BRDA:297,11,1,0
BRDA:297,12,0,0
BRDA:297,12,1,0
BRDA:329,13,0,0
BRDA:329,13,1,0
BRF:28
BRH:2
end_of_record
TN:
SF:utils\auditLogger.js
FN:100,log
FN:169,logSecurityEvent
FN:190,hashSensitiveData
FN:200,sanitizeAuditEntry
FN:212,sanitizeObject
FN:218,(anonymous_5)
FN:236,determineSeverity
FN:252,(anonymous_7)
FN:254,(anonymous_8)
FN:264,requiresImmediateResponse
FN:273,(anonymous_10)
FN:279,queryAuditLogs
FN:280,(anonymous_12)
FN:305,generateComplianceReport
FNF:14
FNH:5
FNDA:94,log
FNDA:0,logSecurityEvent
FNDA:1,hashSensitiveData
FNDA:94,sanitizeAuditEntry
FNDA:186,sanitizeObject
FNDA:9960,(anonymous_5)
FNDA:0,determineSeverity
FNDA:0,(anonymous_7)
FNDA:0,(anonymous_8)
FNDA:0,requiresImmediateResponse
FNDA:0,(anonymous_10)
FNDA:0,queryAuditLogs
FNDA:0,(anonymous_12)
FNDA:0,generateComplianceReport
DA:6,3
DA:7,3
DA:10,3
DA:57,3
DA:101,94
DA:103,94
DA:106,94
DA:116,94
DA:117,0
DA:123,0
DA:127,94
DA:128,92
DA:135,94
DA:136,0
DA:137,0
DA:141,94
DA:144,94
DA:147,94
DA:148,0
DA:151,94
DA:155,0
DA:156,0
DA:171,0
DA:180,0
DA:191,1
DA:201,94
DA:213,186
DA:214,1245
DA:215,1245
DA:218,9960
DA:219,0
DA:223,1245
DA:224,92
DA:230,94
DA:237,0
DA:245,0
DA:252,0
DA:253,0
DA:254,0
DA:255,0
DA:258,0
DA:265,0
DA:273,0
DA:280,0
DA:283,0
DA:294,0
DA:306,0
DA:308,0
DA:315,0
DA:328,3
LF:50
LH:25
BRDA:21,0,0,3
BRDA:21,0,1,0
BRDA:43,1,0,3
BRDA:43,1,1,0
BRDA:100,2,0,0
BRDA:116,3,0,0
BRDA:116,3,1,94
BRDA:116,4,0,94
BRDA:116,4,1,0
BRDA:127,5,0,92
BRDA:127,5,1,2
BRDA:130,6,0,92
BRDA:130,6,1,92
BRDA:135,7,0,0
BRDA:135,7,1,94
BRDA:147,8,0,0
BRDA:147,8,1,94
BRDA:147,9,0,94
BRDA:147,9,1,94
BRDA:147,9,2,94
BRDA:192,10,0,1
BRDA:192,10,1,0
BRDA:214,11,0,1245
BRDA:214,11,1,0
BRDA:218,12,0,0
BRDA:218,12,1,1245
BRDA:223,13,0,92
BRDA:223,13,1,1153
BRDA:223,14,0,1245
BRDA:223,14,1,92
BRDA:252,15,0,0
BRDA:252,15,1,0
BRDA:254,16,0,0
BRDA:254,16,1,0
BRDA:279,17,0,0
BRDA:284,18,0,0
BRDA:284,18,1,0
BRDA:285,19,0,0
BRDA:285,19,1,0
BRF:39
BRH:20
end_of_record
TN:
SF:utils\encryption.js
FN:19,generateKey
FN:26,deriveKey
FN:38,encrypt
FN:84,decrypt
FN:126,hash
FN:142,verifyHash
FN:152,generateSecureRandom
FN:159,createHMAC
FN:168,verifyHMAC
FN:179,encryptPHI
FN:203,decryptPHI
FN:226,derivePatientKey
FN:240,wipeSensitiveData
FNF:13
FNH:8
FNDA:17,generateKey
FNDA:2,deriveKey
FNDA:13,encrypt
FNDA:0,decrypt
FNDA:3,hash
FNDA:2,verifyHash
FNDA:2,generateSecureRandom
FNDA:0,createHMAC
FNDA:0,verifyHMAC
FNDA:2,encryptPHI
FNDA:0,decryptPHI
FNDA:0,derivePatientKey
FNDA:1,wipeSensitiveData
DA:6,3
DA:9,3
DA:10,3
DA:11,3
DA:12,3
DA:13,3
DA:14,3
DA:20,17
DA:27,2
DA:28,0
DA:31,2
DA:32,2
DA:39,13
DA:41,13
DA:44,13
DA:45,0
DA:49,13
DA:52,13
DA:55,0
DA:56,0
DA:60,0
DA:61,0
DA:64,0
DA:67,0
DA:73,0
DA:76,13
DA:77,13
DA:85,0
DA:87,0
DA:90,0
DA:91,0
DA:95,0
DA:98,0
DA:99,0
DA:100,0
DA:103,0
DA:104,0
DA:107,0
DA:108,0
DA:112,0
DA:113,0
DA:115,0
DA:118,0
DA:119,0
DA:127,3
DA:128,1
DA:131,3
DA:133,3
DA:143,2
DA:144,2
DA:146,2
DA:153,2
DA:160,0
DA:161,0
DA:162,0
DA:169,0
DA:170,0
DA:180,2
DA:181,2
DA:187,2
DA:188,2
DA:191,0
DA:193,0
DA:204,0
DA:207,0
DA:208,0
DA:212,0
DA:213,0
DA:216,0
DA:217,0
DA:220,0
DA:227,0
DA:228,0
DA:241,1
DA:242,1
DA:246,3
LF:76
LH:33
BRDA:27,0,0,0
BRDA:27,0,1,2
BRDA:38,1,0,11
BRDA:41,2,0,0
BRDA:41,2,1,13
BRDA:44,3,0,0
BRDA:44,3,1,13
BRDA:55,4,0,0
BRDA:55,4,1,0
BRDA:84,5,0,0
BRDA:87,6,0,0
BRDA:87,6,1,0
BRDA:90,7,0,0
BRDA:90,7,1,0
BRDA:107,8,0,0
BRDA:107,8,1,0
BRDA:126,9,0,1
BRDA:127,10,0,1
BRDA:127,10,1,2
BRDA:152,11,0,0
BRDA:207,12,0,0
BRDA:207,12,1,0
BRDA:216,13,0,0
BRDA:216,13,1,0
BRDA:226,14,0,0
BRDA:241,15,0,1
BRDA:241,15,1,0
BRF:27
BRH:8
end_of_record
